#
# There is insufficient memory for the Java Runtime Environment to continue.
# Native memory allocation (mmap) failed to map 8388608 bytes for G1 virtual space
# Possible reasons:
#   The system is out of physical RAM or swap space
#   The process is running with CompressedOops enabled, and the Java Heap may be blocking the growth of the native heap
# Possible solutions:
#   Reduce memory load on the system
#   Increase physical memory or swap space
#   Check if swap backing store is full
#   Decrease Java heap size (-Xmx/-Xms)
#   Decrease number of Java threads
#   Decrease Java thread stack sizes (-Xss)
#   Set larger code cache with -XX:ReservedCodeCacheSize=
#   JVM is running with Zero Based Compressed Oops mode in which the Java heap is
#     placed in the first 32GB address space. The Java Heap base address is the
#     maximum limit for the native heap growth. Please use -XX:HeapBaseMinAddress
#     to set the Java Heap base and to place the Java Heap above 32GB virtual address.
# This output file may be truncated or incomplete.
#
#  Out of Memory Error (os_windows.cpp:3825), pid=4364, tid=50544
#
# JRE version:  (17.0.9+7) (build )
# Java VM: OpenJDK 64-Bit Server VM (17.0.9+7-b1000.46, mixed mode, sharing, tiered, compressed oops, compressed class ptrs, g1 gc, windows-amd64)
# No core dump will be written. Minidumps are not enabled by default on client versions of Windows
#

---------------  S U M M A R Y ------------

Command Line: git4idea.http.GitAskPassApp Username for 'https://github.com': 

Host: Intel(R) Core(TM) i5-9600K CPU @ 3.70GHz, 6 cores, 31G,  Windows 11 , 64 bit Build 22621 (10.0.22621.4391)
Time: Mon Jan  6 02:37:26 2025 RTZ 2 (s 11 , 64 bit Build 22621 (10.0.22621.4391) elapsed time: 0.015802 seconds (0d 0h 0m 0s)

---------------  T H R E A D  ---------------

Current thread (0x000002badb2ff400):  JavaThread "Unknown thread" [_thread_in_vm, id=50544, stack(0x000000e9cb300000,0x000000e9cb400000)]

Stack: [0x000000e9cb300000,0x000000e9cb400000]
Native frames: (J=compiled Java code, j=interpreted, Vv=VM code, C=native code)
V  [jvm.dll+0x6886e9]
V  [jvm.dll+0x841e4a]
V  [jvm.dll+0x843a8e]
V  [jvm.dll+0x8440f3]
V  [jvm.dll+0x24c14f]
V  [jvm.dll+0x685499]
V  [jvm.dll+0x679c2a]
V  [jvm.dll+0x30cf9b]
V  [jvm.dll+0x314446]
V  [jvm.dll+0x364273]
V  [jvm.dll+0x36448f]
V  [jvm.dll+0x2e2d68]
V  [jvm.dll+0x2e3cd4]
V  [jvm.dll+0x8129f1]
V  [jvm.dll+0x3720c1]
V  [jvm.dll+0x7f152c]
V  [jvm.dll+0x3f5d4f]
V  [jvm.dll+0x3f7981]
C  [jli.dll+0x528f]
C  [ucrtbase.dll+0x29333]
C  [KERNEL32.DLL+0x1259d]
C  [ntdll.dll+0x5af38]


---------------  P R O C E S S  ---------------

Threads class SMR info:
_java_thread_list=0x00007ffd44f1ef18, length=0, elements={
}

Java Threads: ( => current thread )

Other Threads:
  0x000002badb3acf40 GCTaskThread "GC Thread#0" [stack: 0x000000e9cb400000,0x000000e9cb500000] [id=78412]
  0x000002bafab20270 ConcurrentGCThread "G1 Main Marker" [stack: 0x000000e9cb500000,0x000000e9cb600000] [id=66948]
  0x000002bafab20c90 ConcurrentGCThread "G1 Conc#0" [stack: 0x000000e9cb600000,0x000000e9cb700000] [id=18872]

[error occurred during error reporting (printing all threads), id 0xc0000005, EXCEPTION_ACCESS_VIOLATION (0xc0000005) at pc=0x00007ffd446d3937]

VM state: not at safepoint (not fully initialized)

VM Mutex/Monitor currently owned by a thread:  ([mutex/lock_event])
[0x000002badb2f9cc0] Heap_lock - owner thread: 0x000002badb2ff400

Heap address: 0x0000000601000000, size: 8176 MB, Compressed Oops mode: Zero based, Oop shift amount: 3

CDS archive(s) mapped at: [0x0000000000000000-0x0000000000000000-0x0000000000000000), size 0, SharedBaseAddress: 0x0000000800000000, ArchiveRelocationMode: 1.
Narrow klass base: 0x0000000000000000, Narrow klass shift: 0, Narrow klass range: 0x0

GC Precious Log:
<Empty>

Heap:
 garbage-first heap   total 0K, used 0K [0x0000000601000000, 0x0000000800000000)
  region size 4096K, 0 young (0K), 0 survivors (0K)
 Metaspace       used 0K, committed 0K, reserved 0K
  class space    used 0K, committed 0K, reserved 0K

Heap Regions: E=young(eden), S=young(survivor), O=old, HS=humongous(starts), HC=humongous(continues), CS=collection set, F=free, OA=open archive, CA=closed archive, TAMS=top-at-mark-start (previous, next)

Card table byte_map: [0x000002baf0ac0000,0x000002baf1ac0000] _byte_map_base: 0x000002baedab8000

Marking Bits (Prev, Next): (CMBitMap*) 0x000002badb3ad560, (CMBitMap*) 0x000002badb3ad5a0
 Prev Bits: [0x000002baf2ac0000, 0x000002bafaa80000)
 Next Bits: [0x000002ba80000000, 0x000002ba87fc0000)

GC Heap History (0 events):
No events

Dll operation events (1 events):
Event: 0.008 Loaded shared library C:\Program Files\JetBrains\PhpStorm 2023.2.4\jbr\bin\java.dll

Deoptimization events (0 events):
No events

Classes unloaded (0 events):
No events

Classes redefined (0 events):
No events

Internal exceptions (0 events):
No events

VM Operations (0 events):
No events

Events (0 events):
No events


Dynamic libraries:
0x00007ff7f4640000 - 0x00007ff7f464a000 	C:\Program Files\JetBrains\PhpStorm 2023.2.4\jbr\bin\java.exe
0x00007ffdba990000 - 0x00007ffdbaba7000 	C:\WINDOWS\SYSTEM32\ntdll.dll
0x00007ffdb9fb0000 - 0x00007ffdba074000 	C:\WINDOWS\System32\KERNEL32.DLL
0x00007ffdb7cb0000 - 0x00007ffdb806a000 	C:\WINDOWS\System32\KERNELBASE.dll
0x00007ffdb8070000 - 0x00007ffdb8181000 	C:\WINDOWS\System32\ucrtbase.dll
0x00007ffdb1df0000 - 0x00007ffdb1e07000 	C:\Program Files\JetBrains\PhpStorm 2023.2.4\jbr\bin\jli.dll
0x00007ffda3860000 - 0x00007ffda387b000 	C:\Program Files\JetBrains\PhpStorm 2023.2.4\jbr\bin\VCRUNTIME140.dll
0x00007ffdba100000 - 0x00007ffdba2ae000 	C:\WINDOWS\System32\USER32.dll
0x00007ffdb83f0000 - 0x00007ffdb8416000 	C:\WINDOWS\System32\win32u.dll
0x00007ffda5c10000 - 0x00007ffda5ea2000 	C:\WINDOWS\WinSxS\amd64_microsoft.windows.common-controls_6595b64144ccf1df_6.0.22621.4541_none_2710d1c57384c085\COMCTL32.dll
0x00007ffdba770000 - 0x00007ffdba799000 	C:\WINDOWS\System32\GDI32.dll
0x00007ffdb8f80000 - 0x00007ffdb9027000 	C:\WINDOWS\System32\msvcrt.dll
0x00007ffdb82d0000 - 0x00007ffdb83eb000 	C:\WINDOWS\System32\gdi32full.dll
0x00007ffdb85c0000 - 0x00007ffdb865a000 	C:\WINDOWS\System32\msvcp_win.dll
0x00007ffdb9c50000 - 0x00007ffdb9c81000 	C:\WINDOWS\System32\IMM32.DLL
0x00007ffdb4740000 - 0x00007ffdb474c000 	C:\Program Files\JetBrains\PhpStorm 2023.2.4\jbr\bin\vcruntime140_1.dll
0x00007ffd9f8d0000 - 0x00007ffd9f95d000 	C:\Program Files\JetBrains\PhpStorm 2023.2.4\jbr\bin\msvcp140.dll
0x00007ffd443e0000 - 0x00007ffd45063000 	C:\Program Files\JetBrains\PhpStorm 2023.2.4\jbr\bin\server\jvm.dll
0x00007ffdb9c90000 - 0x00007ffdb9d42000 	C:\WINDOWS\System32\ADVAPI32.dll
0x00007ffdba2c0000 - 0x00007ffdba367000 	C:\WINDOWS\System32\sechost.dll
0x00007ffdb8590000 - 0x00007ffdb85b8000 	C:\WINDOWS\System32\bcrypt.dll
0x00007ffdba5e0000 - 0x00007ffdba6f4000 	C:\WINDOWS\System32\RPCRT4.dll
0x00007ffdb78a0000 - 0x00007ffdb78ed000 	C:\WINDOWS\SYSTEM32\POWRPROF.dll
0x00007ffdb0250000 - 0x00007ffdb0259000 	C:\WINDOWS\SYSTEM32\WSOCK32.dll
0x00007ffdb4770000 - 0x00007ffdb477a000 	C:\WINDOWS\SYSTEM32\VERSION.dll
0x00007ffdad970000 - 0x00007ffdad9a4000 	C:\WINDOWS\SYSTEM32\WINMM.dll
0x00007ffdb9f30000 - 0x00007ffdb9fa1000 	C:\WINDOWS\System32\WS2_32.dll
0x00007ffdb7880000 - 0x00007ffdb7893000 	C:\WINDOWS\SYSTEM32\UMPDC.dll
0x00007ffdb6c30000 - 0x00007ffdb6c48000 	C:\WINDOWS\SYSTEM32\kernel.appcore.dll
0x00007ffdb4750000 - 0x00007ffdb475a000 	C:\Program Files\JetBrains\PhpStorm 2023.2.4\jbr\bin\jimage.dll
0x00007ffdb17a0000 - 0x00007ffdb19d2000 	C:\WINDOWS\SYSTEM32\DBGHELP.DLL
0x00007ffdb9030000 - 0x00007ffdb93bf000 	C:\WINDOWS\System32\combase.dll
0x00007ffdb8ea0000 - 0x00007ffdb8f77000 	C:\WINDOWS\System32\OLEAUT32.dll
0x00007ffdb15e0000 - 0x00007ffdb1612000 	C:\WINDOWS\SYSTEM32\dbgcore.DLL
0x00007ffdb7c30000 - 0x00007ffdb7cab000 	C:\WINDOWS\System32\bcryptPrimitives.dll
0x00007ffdb1e10000 - 0x00007ffdb1e35000 	C:\Program Files\JetBrains\PhpStorm 2023.2.4\jbr\bin\java.dll

dbghelp: loaded successfully - version: 4.0.5 - missing functions: none
symbol engine: initialized successfully - sym options: 0x614 - pdb path: .;C:\Program Files\JetBrains\PhpStorm 2023.2.4\jbr\bin;C:\WINDOWS\SYSTEM32;C:\WINDOWS\WinSxS\amd64_microsoft.windows.common-controls_6595b64144ccf1df_6.0.22621.4541_none_2710d1c57384c085;C:\Program Files\JetBrains\PhpStorm 2023.2.4\jbr\bin\server

VM Arguments:
java_command: git4idea.http.GitAskPassApp Username for 'https://github.com': 
java_class_path (initial): C:/Program Files/JetBrains/PhpStorm 2023.2.4/plugins/vcs-git/lib/git4idea-rt.jar;C:/Program Files/JetBrains/PhpStorm 2023.2.4/lib/externalProcess-rt.jar
Launcher Type: SUN_STANDARD

[Global flags]
     intx CICompilerCount                          = 3                                         {product} {ergonomic}
     uint ConcGCThreads                            = 2                                         {product} {ergonomic}
     uint G1ConcRefinementThreads                  = 6                                         {product} {ergonomic}
   size_t G1HeapRegionSize                         = 4194304                                   {product} {ergonomic}
    uintx GCDrainStackTargetSize                   = 64                                        {product} {ergonomic}
   size_t InitialHeapSize                          = 536870912                                 {product} {ergonomic}
   size_t MarkStackSize                            = 4194304                                   {product} {ergonomic}
   size_t MaxHeapSize                              = 8573157376                                {product} {ergonomic}
   size_t MinHeapDeltaBytes                        = 4194304                                   {product} {ergonomic}
   size_t MinHeapSize                              = 8388608                                   {product} {ergonomic}
    uintx NonNMethodCodeHeapSize                   = 5832780                                {pd product} {ergonomic}
    uintx NonProfiledCodeHeapSize                  = 122912730                              {pd product} {ergonomic}
    uintx ProfiledCodeHeapSize                     = 122912730                              {pd product} {ergonomic}
    uintx ReservedCodeCacheSize                    = 251658240                              {pd product} {ergonomic}
     bool SegmentedCodeCache                       = true                                      {product} {ergonomic}
   size_t SoftMaxHeapSize                          = 8573157376                             {manageable} {ergonomic}
     bool UseCompressedClassPointers               = true                           {product lp64_product} {ergonomic}
     bool UseCompressedOops                        = true                           {product lp64_product} {ergonomic}
     bool UseG1GC                                  = true                                      {product} {ergonomic}
     bool UseLargePagesIndividualAllocation        = false                                  {pd product} {ergonomic}

Logging:
Log output configuration:
 #0: stdout all=warning uptime,level,tags
 #1: stderr all=off uptime,level,tags

Environment Variables:
PATH=C:\Program Files\Git\mingw64\libexec\git-core;C:\Program Files\Git\mingw64\libexec\git-core;C:\Program Files\Git\mingw64\bin;C:\Program Files\Git\usr\bin;C:\Users\AlexR\bin;C:\Program Files\Common Files\Oracle\Java\javapath;C:\Python311\Scripts;C:\Python311;C:\Windows\system32;C:\Windows;C:\Windows\System32\Wbem;C:\Windows\System32\WindowsPowerShell\v1.0;C:\Windows\System32\OpenSSH;C:\Program Files (x86)\NVIDIA Corporation\PhysX\Common;C:\WINDOWS\system32;C:\WINDOWS;C:\WINDOWS\System32\Wbem;C:\WINDOWS\System32\WindowsPowerShell\v1.0;C:\WINDOWS\System32\OpenSSH;C:\xampp\php;C;C:\ProgramData\ComposerSetup\bin;C:\OpenServer\modules\php\PHP_8.0;C:\Program Files\Docker\Docker\resources\bin;C:\ProgramData\chocolatey\bin;C:\Program Files\Microchip\xc8\v2.36\bin;C:\Program Files\Git\cmd;C:\Users\AlexR\AppData\Roaming\nvm;C:\Program Files\nodejs;C:\Program Files\dotnet;C:\Program Files\NVIDIA Corporation\NVIDIA app\NvDLISR;D:\Python\Python312\Scripts;D:\Python\Python312;D:\Ruby26-x64\bin;C:\Users\AlexR\AppData\Local\Microsoft\WindowsApps;C:\Users\AlexR\AppData\Local\GitHubDesktop\bin;C:\Users\AlexR\AppData\Local\Microsoft\WindowsApps;C:\Users\AlexR\AppData\Roaming\Composer\vendor\bin;C:\Program Files\JetBrains\PhpStorm 2023.2.4\bin;D:\PHP;C:\Users\AlexR\AppData\Roaming\npm;C:\Users\AlexR\AppData\Local\Programs\Microsoft VS Code\bin;C:\Users\AlexR\AppData\Local\JetBrains\PyCharm 2023.2.5\bin;C:\Users\AlexR\.platformio\penv\Scripts;C:\Users\AlexR\AppData\Roaming\nvm;C:\Program Files\nodejs;C:\Users\AlexR\.dotnet\tools
USERNAME=AlexR
DISPLAY=:0.0
LC_ALL=en_US.UTF-8
TERM=xterm-256color
TMPDIR=C:\Users\AlexR\AppData\Local\Temp
OS=Windows_NT
PROCESSOR_IDENTIFIER=Intel64 Family 6 Model 158 Stepping 12, GenuineIntel
TMP=C:\Users\AlexR\AppData\Local\Temp
TEMP=C:\Users\AlexR\AppData\Local\Temp



Periodic native trim disabled

JNI global refs:
JNI global refs: 0, weak refs: 0

JNI global refs memory usage: 0, weak refs: 0

OOME stack traces (most recent first):
Classloader memory used:


---------------  S Y S T E M  ---------------

OS:
 Windows 11 , 64 bit Build 22621 (10.0.22621.4391)
OS uptime: 22 days 23:37 hours
Hyper-V role detected

CPU: total 6 (initial active 6) (6 cores per cpu, 1 threads per core) family 6 model 158 stepping 12 microcode 0xde, cx8, cmov, fxsr, mmx, 3dnowpref, sse, sse2, sse3, ssse3, sse4.1, sse4.2, popcnt, lzcnt, tsc, tscinvbit, avx, avx2, aes, erms, clmul, bmi1, bmi2, rtm, adx, fma, vzeroupper, clflush, clflushopt, hv
Processor Information for all 6 processors :
  Max Mhz: 3696, Current Mhz: 3696, Mhz Limit: 3696

Memory: 4k page, system-wide physical 32703M (1795M free)
TotalPageFile size 68664M (AvailPageFile size 5M)
current process WorkingSet (physical memory assigned to process): 12M, peak: 12M
current process commit charge ("private bytes"): 569M, peak: 577M

vm_info: OpenJDK 64-Bit Server VM (17.0.9+7-b1000.46) for windows-amd64 JRE (17.0.9+7-b1000.46), built on 2023-10-27 by "builduser" with MS VC++ 16.10 / 16.11 (VS2019)

END.
